<?xml version="1.0" encoding="utf-8" standalone="no"?>
<test-run id="0" runstate="Runnable" testcasecount="5" result="Passed" total="1" passed="1" failed="0" inconclusive="0" skipped="0" asserts="1" engine-version="3.11.1.0" clr-version="4.0.30319.42000" start-time="2020-07-26 12:57:32Z" end-time="2020-07-26 12:57:33Z" duration="0.926526">
  <command-line><![CDATA[nunit3-console  --test=EShoppingCustomerLibTest.CustomerOrderTest.OrderProduct,  F:/Danny/EShoppingApplication/EShoppingCustomerLibTest/bin/Debug/EShoppingCustomerLibTest.dll --result=F:/Danny/EShoppingApplication/Resultnew.xml]]></command-line>
  <filter>
    <test>EShoppingCustomerLibTest.CustomerOrderTest.OrderProduct</test>
  </filter>
  <test-suite type="Assembly" id="0-1008" name="EShoppingCustomerLibTest.dll" fullname="F:\Danny\EShoppingApplication\EShoppingCustomerLibTest\bin\Debug\EShoppingCustomerLibTest.dll" runstate="Runnable" testcasecount="5" result="Passed" start-time="2020-07-26 12:57:33Z" end-time="2020-07-26 12:57:33Z" duration="0.079531" total="1" passed="1" failed="0" warnings="0" inconclusive="0" skipped="0" asserts="1">
    <environment framework-version="3.12.0.0" clr-version="4.0.30319.42000" os-version="Microsoft Windows NT 10.0.17134.0" platform="Win32NT" cwd="C:\Users\z003k6ts" machine-name="MD1XZ46C" user="z003k6ts" user-domain="AD001" culture="en-US" uiculture="en-US" os-architecture="x64" />
    <settings>
      <setting name="DisposeRunners" value="True" />
      <setting name="WorkDirectory" value="C:\Users\z003k6ts" />
      <setting name="ImageRuntimeVersion" value="4.0.30319" />
      <setting name="ImageTargetFrameworkName" value=".NETFramework,Version=v4.6.1" />
      <setting name="ImageRequiresX86" value="False" />
      <setting name="ImageRequiresDefaultAppDomainAssemblyResolver" value="False" />
      <setting name="RuntimeFramework" value="net-4.0" />
      <setting name="NumberOfTestWorkers" value="8" />
    </settings>
    <properties>
      <property name="_PID" value="23492" />
      <property name="_APPDOMAIN" value="domain-" />
    </properties>
    <test-suite type="TestSuite" id="0-1009" name="EShoppingCustomerLibTest" fullname="EShoppingCustomerLibTest" runstate="Runnable" testcasecount="5" result="Passed" start-time="2020-07-26 12:57:33Z" end-time="2020-07-26 12:57:33Z" duration="0.055991" total="1" passed="1" failed="0" warnings="0" inconclusive="0" skipped="0" asserts="1">
      <test-suite type="TestFixture" id="0-1006" name="CustomerOrderTest" fullname="EShoppingCustomerLibTest.CustomerOrderTest" classname="EShoppingCustomerLibTest.CustomerOrderTest" runstate="Runnable" testcasecount="1" result="Passed" start-time="2020-07-26 12:57:33Z" end-time="2020-07-26 12:57:33Z" duration="0.050504" total="1" passed="1" failed="0" warnings="0" inconclusive="0" skipped="0" asserts="1">
        <test-case id="0-1007" name="OrderProduct" fullname="EShoppingCustomerLibTest.CustomerOrderTest.OrderProduct" methodname="OrderProduct" classname="EShoppingCustomerLibTest.CustomerOrderTest" runstate="Runnable" seed="596616050" result="Passed" start-time="2020-07-26 12:57:33Z" end-time="2020-07-26 12:57:33Z" duration="0.033301" asserts="1" />
      </test-suite>
    </test-suite>
  </test-suite>
</test-run>