<?xml version="1.0" encoding="utf-8" standalone="no"?>
<test-run id="0" runstate="Runnable" testcasecount="4" result="Failed" total="4" passed="3" failed="1" inconclusive="0" skipped="0" asserts="4" engine-version="3.11.1.0" clr-version="4.0.30319.42000" start-time="2020-07-25 15:27:05Z" end-time="2020-07-25 15:27:06Z" duration="1.111283">
  <command-line><![CDATA[nunit3-console  --test=EShoppingApplicationIntegrationTests.OrderProductFromEshopTest F:/Danny/EShoppingApplication/EShoppingApplicationIntegrationTests/bin/Debug/EShoppingApplicationIntegrationTests.dll --result=F:/Danny/EShoppingApplication/ResultInteg.txt]]></command-line>
  <filter>
    <test>EShoppingApplicationIntegrationTests.OrderProductFromEshopTest</test>
  </filter>
  <test-suite type="Assembly" id="0-1005" name="EShoppingApplicationIntegrationTests.dll" fullname="F:\Danny\EShoppingApplication\EShoppingApplicationIntegrationTests\bin\Debug\EShoppingApplicationIntegrationTests.dll" runstate="Runnable" testcasecount="4" result="Failed" site="Child" start-time="2020-07-25 15:27:06Z" end-time="2020-07-25 15:27:06Z" duration="0.311174" total="4" passed="3" failed="1" warnings="0" inconclusive="0" skipped="0" asserts="4">
    <environment framework-version="3.12.0.0" clr-version="4.0.30319.42000" os-version="Microsoft Windows NT 10.0.17134.0" platform="Win32NT" cwd="C:\Users\z003k6ts" machine-name="MD1XZ46C" user="z003k6ts" user-domain="AD001" culture="en-US" uiculture="en-US" os-architecture="x64" />
    <settings>
      <setting name="DisposeRunners" value="True" />
      <setting name="WorkDirectory" value="C:\Users\z003k6ts" />
      <setting name="ImageRuntimeVersion" value="4.0.30319" />
      <setting name="ImageTargetFrameworkName" value=".NETFramework,Version=v4.6.1" />
      <setting name="ImageRequiresX86" value="False" />
      <setting name="ImageRequiresDefaultAppDomainAssemblyResolver" value="False" />
      <setting name="RuntimeFramework" value="net-4.0" />
      <setting name="NumberOfTestWorkers" value="8" />
    </settings>
    <properties>
      <property name="_PID" value="22596" />
      <property name="_APPDOMAIN" value="domain-" />
    </properties>
    <failure>
      <message><![CDATA[One or more child tests had errors]]></message>
    </failure>
    <test-suite type="TestSuite" id="0-1006" name="EShoppingApplicationIntegrationTests" fullname="EShoppingApplicationIntegrationTests" runstate="Runnable" testcasecount="4" result="Failed" site="Child" start-time="2020-07-25 15:27:06Z" end-time="2020-07-25 15:27:06Z" duration="0.288515" total="4" passed="3" failed="1" warnings="0" inconclusive="0" skipped="0" asserts="4">
      <failure>
        <message><![CDATA[One or more child tests had errors]]></message>
      </failure>
      <test-suite type="TestFixture" id="0-1000" name="OrderProductFromEshopTest" fullname="EShoppingApplicationIntegrationTests.OrderProductFromEshopTest" classname="EShoppingApplicationIntegrationTests.OrderProductFromEshopTest" runstate="Runnable" testcasecount="4" result="Failed" site="Child" start-time="2020-07-25 15:27:06Z" end-time="2020-07-25 15:27:06Z" duration="0.282644" total="4" passed="3" failed="1" warnings="0" inconclusive="0" skipped="0" asserts="4">
        <failure>
          <message><![CDATA[One or more child tests had errors]]></message>
        </failure>
        <test-case id="0-1001" name="Test1" fullname="EShoppingApplicationIntegrationTests.OrderProductFromEshopTest.Test1" methodname="Test1" classname="EShoppingApplicationIntegrationTests.OrderProductFromEshopTest" runstate="Runnable" seed="732816850" result="Passed" start-time="2020-07-25 15:27:06Z" end-time="2020-07-25 15:27:06Z" duration="0.034724" asserts="1" />
        <test-case id="0-1002" name="Test2" fullname="EShoppingApplicationIntegrationTests.OrderProductFromEshopTest.Test2" methodname="Test2" classname="EShoppingApplicationIntegrationTests.OrderProductFromEshopTest" runstate="Runnable" seed="439820149" result="Failed" start-time="2020-07-25 15:27:06Z" end-time="2020-07-25 15:27:06Z" duration="0.233712" asserts="1">
          <failure>
            <message><![CDATA[  Expected: 0
  But was:  1
]]></message>
            <stack-trace><![CDATA[   at EShoppingApplicationIntegrationTests.OrderProductFromEshopTest.Test2() in F:\Danny\EShoppingApplication\EShoppingApplicationIntegrationTests\OrderProductFromEshopTest.cs:line 21
]]></stack-trace>
          </failure>
          <assertions>
            <assertion result="Failed">
              <message><![CDATA[  Expected: 0
  But was:  1
]]></message>
              <stack-trace><![CDATA[   at EShoppingApplicationIntegrationTests.OrderProductFromEshopTest.Test2() in F:\Danny\EShoppingApplication\EShoppingApplicationIntegrationTests\OrderProductFromEshopTest.cs:line 21
]]></stack-trace>
            </assertion>
          </assertions>
        </test-case>
        <test-case id="0-1003" name="Test3" fullname="EShoppingApplicationIntegrationTests.OrderProductFromEshopTest.Test3" methodname="Test3" classname="EShoppingApplicationIntegrationTests.OrderProductFromEshopTest" runstate="Runnable" seed="672374625" result="Passed" start-time="2020-07-25 15:27:06Z" end-time="2020-07-25 15:27:06Z" duration="0.000298" asserts="1" />
        <test-case id="0-1004" name="Test4" fullname="EShoppingApplicationIntegrationTests.OrderProductFromEshopTest.Test4" methodname="Test4" classname="EShoppingApplicationIntegrationTests.OrderProductFromEshopTest" runstate="Runnable" seed="476475652" result="Passed" start-time="2020-07-25 15:27:06Z" end-time="2020-07-25 15:27:06Z" duration="0.000259" asserts="1" />
      </test-suite>
    </test-suite>
  </test-suite>
</test-run>